<?xml version="1.0" encoding="UTF-8"?>
<!-- Generated by org.testng.reporters.JUnitReportReporter -->
<testsuite hostname="Shahrins-Air.cable.rcn.com" failures="0" tests="1" name="testNG.NewTestid04" time="76.208" errors="0" timestamp="2022-09-09T14:31:48 EDT" skipped="0">
  <testcase classname="testNG.NewTestid04" name="f" time="76.208"/>
  <system-out/>
</testsuite> <!-- testNG.NewTestid04 -->
