<?xml version="1.0" encoding="UTF-8"?>
<!-- Generated by org.testng.reporters.JUnitReportReporter -->
<testsuite hostname="Shahrins-Air.cable.rcn.com" failures="0" tests="3" name="testNG.PriorityClass" time="41.791" errors="0" timestamp="2022-08-24T00:02:36 EDT" skipped="0">
  <testcase classname="testNG.PriorityClass" name="openingAmazonSite" time="15.824"/>
  <system-out/>
  <testcase classname="testNG.PriorityClass" name="openingCNNBCSite" time="14.558"/>
  <system-out/>
  <testcase classname="testNG.PriorityClass" name="openingYahooSite" time="11.409"/>
  <system-out/>
</testsuite> <!-- testNG.PriorityClass -->
