<?xml version="1.0" encoding="UTF-8"?>
<!-- Generated by org.testng.reporters.JUnitReportReporter -->
<testsuite hostname="Shahrins-Air.cable.rcn.com" failures="0" tests="3" name="testNG.PriorityClass" time="44.286" errors="0" timestamp="2022-08-10T12:42:54 EDT" skipped="0">
  <testcase classname="testNG.PriorityClass" name="openingAmazonSite" time="15.776"/>
  <system-out/>
  <testcase classname="testNG.PriorityClass" name="openingCNNBCSite" time="15.071"/>
  <system-out/>
  <testcase classname="testNG.PriorityClass" name="openingYahooSite" time="13.439"/>
  <system-out/>
</testsuite> <!-- testNG.PriorityClass -->
