<?xml version="1.0" encoding="UTF-8"?>
<!-- Generated by org.testng.reporters.JUnitReportReporter -->
<testsuite hostname="Shahrins-Air.cable.rcn.com" failures="0" tests="3" name="testNG.TestNG_demo" time="51.733" errors="0" timestamp="2022-08-10T12:31:08 EDT" skipped="0">
  <testcase classname="testNG.TestNG_demo" name="openingCnbcSite" time="16.409"/>
  <system-out/>
  <testcase classname="testNG.TestNG_demo" name="openingAmazonSite" time="22.165"/>
  <system-out/>
  <testcase classname="testNG.TestNG_demo" name="openingYahooSite" time="13.159"/>
  <system-out/>
</testsuite> <!-- testNG.TestNG_demo -->
